running egg_info
creating ../build/serial_read/serial_read.egg-info
writing ../build/serial_read/serial_read.egg-info/PKG-INFO
writing dependency_links to ../build/serial_read/serial_read.egg-info/dependency_links.txt
writing entry points to ../build/serial_read/serial_read.egg-info/entry_points.txt
writing requirements to ../build/serial_read/serial_read.egg-info/requires.txt
writing top-level names to ../build/serial_read/serial_read.egg-info/top_level.txt
writing manifest file '../build/serial_read/serial_read.egg-info/SOURCES.txt'
reading manifest file '../build/serial_read/serial_read.egg-info/SOURCES.txt'
writing manifest file '../build/serial_read/serial_read.egg-info/SOURCES.txt'
running build
running build_py
creating /home/samuel/ros2_ws/src/ROS2_project/build/serial_read/build
creating /home/samuel/ros2_ws/src/ROS2_project/build/serial_read/build/lib
creating /home/samuel/ros2_ws/src/ROS2_project/build/serial_read/build/lib/serial_read
copying serial_read/__init__.py -> /home/samuel/ros2_ws/src/ROS2_project/build/serial_read/build/lib/serial_read
copying serial_read/serial_read.py -> /home/samuel/ros2_ws/src/ROS2_project/build/serial_read/build/lib/serial_read
running install
running install_lib
creating /home/samuel/ros2_ws/src/ROS2_project/install/serial_read/lib/python3.10/site-packages/serial_read
copying /home/samuel/ros2_ws/src/ROS2_project/build/serial_read/build/lib/serial_read/__init__.py -> /home/samuel/ros2_ws/src/ROS2_project/install/serial_read/lib/python3.10/site-packages/serial_read
copying /home/samuel/ros2_ws/src/ROS2_project/build/serial_read/build/lib/serial_read/serial_read.py -> /home/samuel/ros2_ws/src/ROS2_project/install/serial_read/lib/python3.10/site-packages/serial_read
byte-compiling /home/samuel/ros2_ws/src/ROS2_project/install/serial_read/lib/python3.10/site-packages/serial_read/__init__.py to __init__.cpython-310.pyc
byte-compiling /home/samuel/ros2_ws/src/ROS2_project/install/serial_read/lib/python3.10/site-packages/serial_read/serial_read.py to serial_read.cpython-310.pyc
running install_data
creating /home/samuel/ros2_ws/src/ROS2_project/install/serial_read/share/ament_index
creating /home/samuel/ros2_ws/src/ROS2_project/install/serial_read/share/ament_index/resource_index
creating /home/samuel/ros2_ws/src/ROS2_project/install/serial_read/share/ament_index/resource_index/packages
copying resource/serial_read -> /home/samuel/ros2_ws/src/ROS2_project/install/serial_read/share/ament_index/resource_index/packages
copying package.xml -> /home/samuel/ros2_ws/src/ROS2_project/install/serial_read/share/serial_read
running install_egg_info
Copying ../build/serial_read/serial_read.egg-info to /home/samuel/ros2_ws/src/ROS2_project/install/serial_read/lib/python3.10/site-packages/serial_read-0.0.0-py3.10.egg-info
running install_scripts
Installing serial_read script to /home/samuel/ros2_ws/src/ROS2_project/install/serial_read/lib/serial_read
writing list of installed files to '/home/samuel/ros2_ws/src/ROS2_project/build/serial_read/install.log'
