[0.682s] Invoking command in '/home/samuel/ros2_ws/src/ROS2_project/serial_read': PYTHONPATH=/home/samuel/ros2_ws/src/ROS2_project/build/serial_read/prefix_override:/home/samuel/ros2_ws/src/ROS2_project/install/serial_read/lib/python3.10/site-packages:${PYTHONPATH} /usr/bin/python3 setup.py egg_info --egg-base ../build/serial_read build --build-base /home/samuel/ros2_ws/src/ROS2_project/build/serial_read/build install --record /home/samuel/ros2_ws/src/ROS2_project/build/serial_read/install.log --single-version-externally-managed
[0.949s] running egg_info
[0.950s] creating ../build/serial_read/serial_read.egg-info
[0.951s] writing ../build/serial_read/serial_read.egg-info/PKG-INFO
[0.951s] writing dependency_links to ../build/serial_read/serial_read.egg-info/dependency_links.txt
[0.952s] writing entry points to ../build/serial_read/serial_read.egg-info/entry_points.txt
[0.952s] writing requirements to ../build/serial_read/serial_read.egg-info/requires.txt
[0.952s] writing top-level names to ../build/serial_read/serial_read.egg-info/top_level.txt
[0.953s] writing manifest file '../build/serial_read/serial_read.egg-info/SOURCES.txt'
[0.956s] reading manifest file '../build/serial_read/serial_read.egg-info/SOURCES.txt'
[0.957s] writing manifest file '../build/serial_read/serial_read.egg-info/SOURCES.txt'
[0.957s] running build
[0.958s] running build_py
[0.958s] creating /home/samuel/ros2_ws/src/ROS2_project/build/serial_read/build
[0.958s] creating /home/samuel/ros2_ws/src/ROS2_project/build/serial_read/build/lib
[0.958s] creating /home/samuel/ros2_ws/src/ROS2_project/build/serial_read/build/lib/serial_read
[0.958s] copying serial_read/__init__.py -> /home/samuel/ros2_ws/src/ROS2_project/build/serial_read/build/lib/serial_read
[0.958s] copying serial_read/serial_read.py -> /home/samuel/ros2_ws/src/ROS2_project/build/serial_read/build/lib/serial_read
[0.959s] running install
[0.959s] /usr/lib/python3/dist-packages/setuptools/command/install.py:34: SetuptoolsDeprecationWarning: setup.py install is deprecated. Use build and pip and other standards-based tools.
[0.959s]   warnings.warn(
[0.959s] running install_lib
[0.960s] creating /home/samuel/ros2_ws/src/ROS2_project/install/serial_read/lib/python3.10/site-packages/serial_read
[0.960s] copying /home/samuel/ros2_ws/src/ROS2_project/build/serial_read/build/lib/serial_read/__init__.py -> /home/samuel/ros2_ws/src/ROS2_project/install/serial_read/lib/python3.10/site-packages/serial_read
[0.960s] copying /home/samuel/ros2_ws/src/ROS2_project/build/serial_read/build/lib/serial_read/serial_read.py -> /home/samuel/ros2_ws/src/ROS2_project/install/serial_read/lib/python3.10/site-packages/serial_read
[0.961s] byte-compiling /home/samuel/ros2_ws/src/ROS2_project/install/serial_read/lib/python3.10/site-packages/serial_read/__init__.py to __init__.cpython-310.pyc
[0.962s] byte-compiling /home/samuel/ros2_ws/src/ROS2_project/install/serial_read/lib/python3.10/site-packages/serial_read/serial_read.py to serial_read.cpython-310.pyc
[0.963s] running install_data
[0.963s] creating /home/samuel/ros2_ws/src/ROS2_project/install/serial_read/share/ament_index
[0.963s] creating /home/samuel/ros2_ws/src/ROS2_project/install/serial_read/share/ament_index/resource_index
[0.964s] creating /home/samuel/ros2_ws/src/ROS2_project/install/serial_read/share/ament_index/resource_index/packages
[0.964s] copying resource/serial_read -> /home/samuel/ros2_ws/src/ROS2_project/install/serial_read/share/ament_index/resource_index/packages
[0.964s] copying package.xml -> /home/samuel/ros2_ws/src/ROS2_project/install/serial_read/share/serial_read
[0.964s] running install_egg_info
[0.966s] Copying ../build/serial_read/serial_read.egg-info to /home/samuel/ros2_ws/src/ROS2_project/install/serial_read/lib/python3.10/site-packages/serial_read-0.0.0-py3.10.egg-info
[0.967s] running install_scripts
[0.987s] Installing serial_read script to /home/samuel/ros2_ws/src/ROS2_project/install/serial_read/lib/serial_read
[0.988s] writing list of installed files to '/home/samuel/ros2_ws/src/ROS2_project/build/serial_read/install.log'
[1.012s] Invoked command in '/home/samuel/ros2_ws/src/ROS2_project/serial_read' returned '0': PYTHONPATH=/home/samuel/ros2_ws/src/ROS2_project/build/serial_read/prefix_override:/home/samuel/ros2_ws/src/ROS2_project/install/serial_read/lib/python3.10/site-packages:${PYTHONPATH} /usr/bin/python3 setup.py egg_info --egg-base ../build/serial_read build --build-base /home/samuel/ros2_ws/src/ROS2_project/build/serial_read/build install --record /home/samuel/ros2_ws/src/ROS2_project/build/serial_read/install.log --single-version-externally-managed
