[0.274s] DEBUG:colcon:Command line arguments: ['/usr/bin/colcon', 'build']
[0.274s] DEBUG:colcon:Parsed command line arguments: Namespace(log_base=None, log_level=None, verb_name='build', build_base='build', install_base='install', merge_install=False, symlink_install=False, test_result_base=None, continue_on_error=False, executor='parallel', parallel_workers=8, event_handlers=None, ignore_user_meta=False, metas=['./colcon.meta'], base_paths=['.'], packages_ignore=None, packages_ignore_regex=None, paths=None, packages_up_to=None, packages_up_to_regex=None, packages_above=None, packages_above_and_dependencies=None, packages_above_depth=None, packages_select_by_dep=None, packages_skip_by_dep=None, packages_skip_up_to=None, packages_select_build_failed=False, packages_skip_build_finished=False, packages_select_test_failures=False, packages_skip_test_passed=False, packages_select=None, packages_skip=None, packages_select_regex=None, packages_skip_regex=None, packages_start=None, packages_end=None, allow_overriding=[], cmake_args=None, cmake_target=None, cmake_target_skip_unavailable=False, cmake_clean_cache=False, cmake_clean_first=False, cmake_force_configure=False, ament_cmake_args=None, catkin_cmake_args=None, catkin_skip_building_tests=False, verb_parser=<colcon_defaults.argument_parser.defaults.DefaultArgumentsDecorator object at 0x7fb4f61d4760>, verb_extension=<colcon_core.verb.build.BuildVerb object at 0x7fb4f69cf6a0>, main=<bound method BuildVerb.main of <colcon_core.verb.build.BuildVerb object at 0x7fb4f69cf6a0>>)
[0.301s] Level 1:colcon.colcon_core.package_discovery:discover_packages(colcon_meta) check parameters
[0.301s] Level 1:colcon.colcon_core.package_discovery:discover_packages(recursive) check parameters
[0.301s] Level 1:colcon.colcon_core.package_discovery:discover_packages(ignore) check parameters
[0.301s] Level 1:colcon.colcon_core.package_discovery:discover_packages(path) check parameters
[0.301s] Level 1:colcon.colcon_core.package_discovery:discover_packages(colcon_meta) discover
[0.302s] Level 1:colcon.colcon_core.package_discovery:discover_packages(recursive) discover
[0.302s] INFO:colcon.colcon_core.package_discovery:Crawling recursively for packages in '/home/samuel/ros2_ws/src/ROS2_project'
[0.302s] Level 1:colcon.colcon_core.package_identification:_identify(.) by extensions ['ignore', 'ignore_ament_install']
[0.302s] Level 1:colcon.colcon_core.package_identification:_identify(.) by extension 'ignore'
[0.302s] Level 1:colcon.colcon_core.package_identification:_identify(.) by extension 'ignore_ament_install'
[0.302s] Level 1:colcon.colcon_core.package_identification:_identify(.) by extensions ['colcon_pkg']
[0.302s] Level 1:colcon.colcon_core.package_identification:_identify(.) by extension 'colcon_pkg'
[0.302s] Level 1:colcon.colcon_core.package_identification:_identify(.) by extensions ['colcon_meta']
[0.302s] Level 1:colcon.colcon_core.package_identification:_identify(.) by extension 'colcon_meta'
[0.302s] Level 1:colcon.colcon_core.package_identification:_identify(.) by extensions ['ros']
[0.302s] Level 1:colcon.colcon_core.package_identification:_identify(.) by extension 'ros'
[0.312s] Level 1:colcon.colcon_core.package_identification:_identify(.) by extensions ['cmake', 'python']
[0.312s] Level 1:colcon.colcon_core.package_identification:_identify(.) by extension 'cmake'
[0.312s] Level 1:colcon.colcon_core.package_identification:_identify(.) by extension 'python'
[0.312s] Level 1:colcon.colcon_core.package_identification:_identify(.) by extensions ['python_setup_py']
[0.312s] Level 1:colcon.colcon_core.package_identification:_identify(.) by extension 'python_setup_py'
[0.312s] Level 1:colcon.colcon_core.package_identification:_identify(build) by extensions ['ignore', 'ignore_ament_install']
[0.312s] Level 1:colcon.colcon_core.package_identification:_identify(build) by extension 'ignore'
[0.312s] Level 1:colcon.colcon_core.package_identification:_identify(build) ignored
[0.312s] Level 1:colcon.colcon_core.package_identification:_identify(install) by extensions ['ignore', 'ignore_ament_install']
[0.312s] Level 1:colcon.colcon_core.package_identification:_identify(install) by extension 'ignore'
[0.312s] Level 1:colcon.colcon_core.package_identification:_identify(install) ignored
[0.312s] Level 1:colcon.colcon_core.package_identification:_identify(lawn_mower_robot) by extensions ['ignore', 'ignore_ament_install']
[0.312s] Level 1:colcon.colcon_core.package_identification:_identify(lawn_mower_robot) by extension 'ignore'
[0.312s] Level 1:colcon.colcon_core.package_identification:_identify(lawn_mower_robot) by extension 'ignore_ament_install'
[0.312s] Level 1:colcon.colcon_core.package_identification:_identify(lawn_mower_robot) by extensions ['colcon_pkg']
[0.313s] Level 1:colcon.colcon_core.package_identification:_identify(lawn_mower_robot) by extension 'colcon_pkg'
[0.313s] Level 1:colcon.colcon_core.package_identification:_identify(lawn_mower_robot) by extensions ['colcon_meta']
[0.313s] Level 1:colcon.colcon_core.package_identification:_identify(lawn_mower_robot) by extension 'colcon_meta'
[0.313s] Level 1:colcon.colcon_core.package_identification:_identify(lawn_mower_robot) by extensions ['ros']
[0.313s] Level 1:colcon.colcon_core.package_identification:_identify(lawn_mower_robot) by extension 'ros'
[0.314s] DEBUG:colcon.colcon_core.package_identification:Package 'lawn_mower_robot' with type 'ros.ament_cmake' and name 'lawn_mower_robot'
[0.315s] Level 1:colcon.colcon_core.package_identification:_identify(log) by extensions ['ignore', 'ignore_ament_install']
[0.315s] Level 1:colcon.colcon_core.package_identification:_identify(log) by extension 'ignore'
[0.315s] Level 1:colcon.colcon_core.package_identification:_identify(log) ignored
[0.315s] Level 1:colcon.colcon_core.package_identification:_identify(serial_read) by extensions ['ignore', 'ignore_ament_install']
[0.315s] Level 1:colcon.colcon_core.package_identification:_identify(serial_read) by extension 'ignore'
[0.315s] Level 1:colcon.colcon_core.package_identification:_identify(serial_read) by extension 'ignore_ament_install'
[0.315s] Level 1:colcon.colcon_core.package_identification:_identify(serial_read) by extensions ['colcon_pkg']
[0.315s] Level 1:colcon.colcon_core.package_identification:_identify(serial_read) by extension 'colcon_pkg'
[0.315s] Level 1:colcon.colcon_core.package_identification:_identify(serial_read) by extensions ['colcon_meta']
[0.315s] Level 1:colcon.colcon_core.package_identification:_identify(serial_read) by extension 'colcon_meta'
[0.315s] Level 1:colcon.colcon_core.package_identification:_identify(serial_read) by extensions ['ros']
[0.315s] Level 1:colcon.colcon_core.package_identification:_identify(serial_read) by extension 'ros'
[0.316s] DEBUG:colcon.colcon_core.package_identification:Package 'serial_read' with type 'ros.ament_python' and name 'serial_read'
[0.316s] Level 1:colcon.colcon_core.package_discovery:discover_packages(recursive) using defaults
[0.316s] Level 1:colcon.colcon_core.package_discovery:discover_packages(ignore) discover
[0.316s] Level 1:colcon.colcon_core.package_discovery:discover_packages(ignore) using defaults
[0.316s] Level 1:colcon.colcon_core.package_discovery:discover_packages(path) discover
[0.316s] Level 1:colcon.colcon_core.package_discovery:discover_packages(path) using defaults
[0.335s] Level 1:colcon.colcon_core.package_discovery:discover_packages(prefix_path) check parameters
[0.336s] Level 1:colcon.colcon_core.package_discovery:discover_packages(prefix_path) discover
[0.338s] DEBUG:colcon.colcon_installed_package_information.package_discovery:Found 9 installed packages in /home/samuel/ros2_ws/install
[0.340s] DEBUG:colcon.colcon_installed_package_information.package_discovery:Found 386 installed packages in /opt/ros/humble
[0.341s] Level 1:colcon.colcon_core.package_discovery:discover_packages(prefix_path) using defaults
[0.415s] Level 5:colcon.colcon_core.verb:set package 'lawn_mower_robot' build argument 'cmake_args' from command line to 'None'
[0.415s] Level 5:colcon.colcon_core.verb:set package 'lawn_mower_robot' build argument 'cmake_target' from command line to 'None'
[0.415s] Level 5:colcon.colcon_core.verb:set package 'lawn_mower_robot' build argument 'cmake_target_skip_unavailable' from command line to 'False'
[0.415s] Level 5:colcon.colcon_core.verb:set package 'lawn_mower_robot' build argument 'cmake_clean_cache' from command line to 'False'
[0.416s] Level 5:colcon.colcon_core.verb:set package 'lawn_mower_robot' build argument 'cmake_clean_first' from command line to 'False'
[0.416s] Level 5:colcon.colcon_core.verb:set package 'lawn_mower_robot' build argument 'cmake_force_configure' from command line to 'False'
[0.416s] Level 5:colcon.colcon_core.verb:set package 'lawn_mower_robot' build argument 'ament_cmake_args' from command line to 'None'
[0.416s] Level 5:colcon.colcon_core.verb:set package 'lawn_mower_robot' build argument 'catkin_cmake_args' from command line to 'None'
[0.416s] Level 5:colcon.colcon_core.verb:set package 'lawn_mower_robot' build argument 'catkin_skip_building_tests' from command line to 'False'
[0.416s] DEBUG:colcon.colcon_core.verb:Building package 'lawn_mower_robot' with the following arguments: {'ament_cmake_args': None, 'build_base': '/home/samuel/ros2_ws/src/ROS2_project/build/lawn_mower_robot', 'catkin_cmake_args': None, 'catkin_skip_building_tests': False, 'cmake_args': None, 'cmake_clean_cache': False, 'cmake_clean_first': False, 'cmake_force_configure': False, 'cmake_target': None, 'cmake_target_skip_unavailable': False, 'install_base': '/home/samuel/ros2_ws/src/ROS2_project/install/lawn_mower_robot', 'merge_install': False, 'path': '/home/samuel/ros2_ws/src/ROS2_project/lawn_mower_robot', 'symlink_install': False, 'test_result_base': None}
[0.416s] Level 5:colcon.colcon_core.verb:set package 'serial_read' build argument 'cmake_args' from command line to 'None'
[0.417s] Level 5:colcon.colcon_core.verb:set package 'serial_read' build argument 'cmake_target' from command line to 'None'
[0.417s] Level 5:colcon.colcon_core.verb:set package 'serial_read' build argument 'cmake_target_skip_unavailable' from command line to 'False'
[0.417s] Level 5:colcon.colcon_core.verb:set package 'serial_read' build argument 'cmake_clean_cache' from command line to 'False'
[0.417s] Level 5:colcon.colcon_core.verb:set package 'serial_read' build argument 'cmake_clean_first' from command line to 'False'
[0.417s] Level 5:colcon.colcon_core.verb:set package 'serial_read' build argument 'cmake_force_configure' from command line to 'False'
[0.417s] Level 5:colcon.colcon_core.verb:set package 'serial_read' build argument 'ament_cmake_args' from command line to 'None'
[0.417s] Level 5:colcon.colcon_core.verb:set package 'serial_read' build argument 'catkin_cmake_args' from command line to 'None'
[0.417s] Level 5:colcon.colcon_core.verb:set package 'serial_read' build argument 'catkin_skip_building_tests' from command line to 'False'
[0.417s] DEBUG:colcon.colcon_core.verb:Building package 'serial_read' with the following arguments: {'ament_cmake_args': None, 'build_base': '/home/samuel/ros2_ws/src/ROS2_project/build/serial_read', 'catkin_cmake_args': None, 'catkin_skip_building_tests': False, 'cmake_args': None, 'cmake_clean_cache': False, 'cmake_clean_first': False, 'cmake_force_configure': False, 'cmake_target': None, 'cmake_target_skip_unavailable': False, 'install_base': '/home/samuel/ros2_ws/src/ROS2_project/install/serial_read', 'merge_install': False, 'path': '/home/samuel/ros2_ws/src/ROS2_project/serial_read', 'symlink_install': False, 'test_result_base': None}
[0.417s] INFO:colcon.colcon_core.executor:Executing jobs using 'parallel' executor
[0.420s] DEBUG:colcon.colcon_parallel_executor.executor.parallel:run_until_complete
[0.421s] INFO:colcon.colcon_ros.task.ament_cmake.build:Building ROS package in '/home/samuel/ros2_ws/src/ROS2_project/lawn_mower_robot' with build type 'ament_cmake'
[0.421s] INFO:colcon.colcon_cmake.task.cmake.build:Building CMake package in '/home/samuel/ros2_ws/src/ROS2_project/lawn_mower_robot'
[0.425s] INFO:colcon.colcon_core.plugin_system:Skipping extension 'colcon_core.shell.bat': Not used on non-Windows systems
[0.425s] INFO:colcon.colcon_core.shell:Skip shell extension 'powershell' for command environment: Not usable outside of PowerShell
[0.425s] DEBUG:colcon.colcon_core.shell:Skip shell extension 'dsv' for command environment
[0.429s] INFO:colcon.colcon_ros.task.ament_python.build:Building ROS package in '/home/samuel/ros2_ws/src/ROS2_project/serial_read' with build type 'ament_python'
[0.430s] Level 1:colcon.colcon_core.shell:create_environment_hook('serial_read', 'ament_prefix_path')
[0.431s] INFO:colcon.colcon_core.shell:Creating environment hook '/home/samuel/ros2_ws/src/ROS2_project/install/serial_read/share/serial_read/hook/ament_prefix_path.ps1'
[0.433s] INFO:colcon.colcon_core.shell:Creating environment descriptor '/home/samuel/ros2_ws/src/ROS2_project/install/serial_read/share/serial_read/hook/ament_prefix_path.dsv'
[0.433s] INFO:colcon.colcon_core.shell:Creating environment hook '/home/samuel/ros2_ws/src/ROS2_project/install/serial_read/share/serial_read/hook/ament_prefix_path.sh'
[0.435s] INFO:colcon.colcon_core.shell:Skip shell extension 'powershell' for command environment: Not usable outside of PowerShell
[0.435s] DEBUG:colcon.colcon_core.shell:Skip shell extension 'dsv' for command environment
[0.444s] DEBUG:colcon.colcon_core.event_handler.log_command:Invoking command in '/home/samuel/ros2_ws/src/ROS2_project/build/lawn_mower_robot': CMAKE_PREFIX_PATH=${CMAKE_PREFIX_PATH}:/home/samuel/ros2_ws/install/serial_read:/opt/ros/humble /usr/bin/cmake /home/samuel/ros2_ws/src/ROS2_project/lawn_mower_robot -DCMAKE_INSTALL_PREFIX=/home/samuel/ros2_ws/src/ROS2_project/install/lawn_mower_robot
[0.703s] INFO:colcon.colcon_core.task.python.build:Building Python package in '/home/samuel/ros2_ws/src/ROS2_project/serial_read'
[0.704s] INFO:colcon.colcon_core.shell:Skip shell extension 'powershell' for command environment: Not usable outside of PowerShell
[0.704s] DEBUG:colcon.colcon_core.shell:Skip shell extension 'dsv' for command environment
[1.114s] DEBUG:colcon.colcon_core.event_handler.log_command:Invoking command in '/home/samuel/ros2_ws/src/ROS2_project/serial_read': PYTHONPATH=/home/samuel/ros2_ws/src/ROS2_project/build/serial_read/prefix_override:/home/samuel/ros2_ws/src/ROS2_project/install/serial_read/lib/python3.10/site-packages:${PYTHONPATH} /usr/bin/python3 setup.py egg_info --egg-base ../build/serial_read build --build-base /home/samuel/ros2_ws/src/ROS2_project/build/serial_read/build install --record /home/samuel/ros2_ws/src/ROS2_project/build/serial_read/install.log --single-version-externally-managed
[1.228s] DEBUG:colcon.colcon_core.event_handler.log_command:Invoked command in '/home/samuel/ros2_ws/src/ROS2_project/build/lawn_mower_robot' returned '0': CMAKE_PREFIX_PATH=${CMAKE_PREFIX_PATH}:/home/samuel/ros2_ws/install/serial_read:/opt/ros/humble /usr/bin/cmake /home/samuel/ros2_ws/src/ROS2_project/lawn_mower_robot -DCMAKE_INSTALL_PREFIX=/home/samuel/ros2_ws/src/ROS2_project/install/lawn_mower_robot
[1.229s] DEBUG:colcon.colcon_core.event_handler.log_command:Invoking command in '/home/samuel/ros2_ws/src/ROS2_project/build/lawn_mower_robot': CMAKE_PREFIX_PATH=${CMAKE_PREFIX_PATH}:/home/samuel/ros2_ws/install/serial_read:/opt/ros/humble /usr/bin/cmake --build /home/samuel/ros2_ws/src/ROS2_project/build/lawn_mower_robot -- -j8 -l8
[1.269s] DEBUG:colcon.colcon_core.event_handler.log_command:Invoked command in '/home/samuel/ros2_ws/src/ROS2_project/build/lawn_mower_robot' returned '0': CMAKE_PREFIX_PATH=${CMAKE_PREFIX_PATH}:/home/samuel/ros2_ws/install/serial_read:/opt/ros/humble /usr/bin/cmake --build /home/samuel/ros2_ws/src/ROS2_project/build/lawn_mower_robot -- -j8 -l8
[1.304s] DEBUG:colcon.colcon_core.event_handler.log_command:Invoking command in '/home/samuel/ros2_ws/src/ROS2_project/build/lawn_mower_robot': CMAKE_PREFIX_PATH=${CMAKE_PREFIX_PATH}:/home/samuel/ros2_ws/install/serial_read:/opt/ros/humble /usr/bin/cmake --install /home/samuel/ros2_ws/src/ROS2_project/build/lawn_mower_robot
[1.319s] Level 1:colcon.colcon_core.environment:create_environment_scripts_only(lawn_mower_robot)
[1.321s] DEBUG:colcon.colcon_core.event_handler.log_command:Invoked command in '/home/samuel/ros2_ws/src/ROS2_project/build/lawn_mower_robot' returned '0': CMAKE_PREFIX_PATH=${CMAKE_PREFIX_PATH}:/home/samuel/ros2_ws/install/serial_read:/opt/ros/humble /usr/bin/cmake --install /home/samuel/ros2_ws/src/ROS2_project/build/lawn_mower_robot
[1.326s] Level 1:colcon.colcon_core.environment:checking '/home/samuel/ros2_ws/src/ROS2_project/install/lawn_mower_robot' for CMake module files
[1.326s] Level 1:colcon.colcon_core.environment:checking '/home/samuel/ros2_ws/src/ROS2_project/install/lawn_mower_robot' for CMake config files
[1.327s] Level 1:colcon.colcon_core.shell:create_environment_hook('lawn_mower_robot', 'cmake_prefix_path')
[1.328s] INFO:colcon.colcon_core.shell:Creating environment hook '/home/samuel/ros2_ws/src/ROS2_project/install/lawn_mower_robot/share/lawn_mower_robot/hook/cmake_prefix_path.ps1'
[1.328s] INFO:colcon.colcon_core.shell:Creating environment descriptor '/home/samuel/ros2_ws/src/ROS2_project/install/lawn_mower_robot/share/lawn_mower_robot/hook/cmake_prefix_path.dsv'
[1.329s] INFO:colcon.colcon_core.shell:Creating environment hook '/home/samuel/ros2_ws/src/ROS2_project/install/lawn_mower_robot/share/lawn_mower_robot/hook/cmake_prefix_path.sh'
[1.329s] Level 1:colcon.colcon_core.environment:checking '/home/samuel/ros2_ws/src/ROS2_project/install/lawn_mower_robot/bin'
[1.329s] Level 1:colcon.colcon_core.environment:checking '/home/samuel/ros2_ws/src/ROS2_project/install/lawn_mower_robot/lib/pkgconfig/lawn_mower_robot.pc'
[1.330s] Level 1:colcon.colcon_core.environment:checking '/home/samuel/ros2_ws/src/ROS2_project/install/lawn_mower_robot/lib/python3.10/site-packages'
[1.330s] Level 1:colcon.colcon_core.environment:checking '/home/samuel/ros2_ws/src/ROS2_project/install/lawn_mower_robot/bin'
[1.331s] INFO:colcon.colcon_core.shell:Creating package script '/home/samuel/ros2_ws/src/ROS2_project/install/lawn_mower_robot/share/lawn_mower_robot/package.ps1'
[1.332s] INFO:colcon.colcon_core.shell:Creating package descriptor '/home/samuel/ros2_ws/src/ROS2_project/install/lawn_mower_robot/share/lawn_mower_robot/package.dsv'
[1.332s] INFO:colcon.colcon_core.shell:Creating package script '/home/samuel/ros2_ws/src/ROS2_project/install/lawn_mower_robot/share/lawn_mower_robot/package.sh'
[1.333s] INFO:colcon.colcon_core.shell:Creating package script '/home/samuel/ros2_ws/src/ROS2_project/install/lawn_mower_robot/share/lawn_mower_robot/package.bash'
[1.334s] INFO:colcon.colcon_core.shell:Creating package script '/home/samuel/ros2_ws/src/ROS2_project/install/lawn_mower_robot/share/lawn_mower_robot/package.zsh'
[1.335s] Level 1:colcon.colcon_core.environment:create_file_with_runtime_dependencies(/home/samuel/ros2_ws/src/ROS2_project/install/lawn_mower_robot/share/colcon-core/packages/lawn_mower_robot)
[1.363s] Level 1:colcon.colcon_core.environment:create_environment_scripts_only(lawn_mower_robot)
[1.366s] Level 1:colcon.colcon_core.environment:checking '/home/samuel/ros2_ws/src/ROS2_project/install/lawn_mower_robot' for CMake module files
[1.367s] Level 1:colcon.colcon_core.environment:checking '/home/samuel/ros2_ws/src/ROS2_project/install/lawn_mower_robot' for CMake config files
[1.367s] Level 1:colcon.colcon_core.shell:create_environment_hook('lawn_mower_robot', 'cmake_prefix_path')
[1.370s] INFO:colcon.colcon_core.shell:Creating environment hook '/home/samuel/ros2_ws/src/ROS2_project/install/lawn_mower_robot/share/lawn_mower_robot/hook/cmake_prefix_path.ps1'
[1.371s] INFO:colcon.colcon_core.shell:Creating environment descriptor '/home/samuel/ros2_ws/src/ROS2_project/install/lawn_mower_robot/share/lawn_mower_robot/hook/cmake_prefix_path.dsv'
[1.371s] INFO:colcon.colcon_core.shell:Creating environment hook '/home/samuel/ros2_ws/src/ROS2_project/install/lawn_mower_robot/share/lawn_mower_robot/hook/cmake_prefix_path.sh'
[1.372s] Level 1:colcon.colcon_core.environment:checking '/home/samuel/ros2_ws/src/ROS2_project/install/lawn_mower_robot/bin'
[1.372s] Level 1:colcon.colcon_core.environment:checking '/home/samuel/ros2_ws/src/ROS2_project/install/lawn_mower_robot/lib/pkgconfig/lawn_mower_robot.pc'
[1.372s] Level 1:colcon.colcon_core.environment:checking '/home/samuel/ros2_ws/src/ROS2_project/install/lawn_mower_robot/lib/python3.10/site-packages'
[1.372s] Level 1:colcon.colcon_core.environment:checking '/home/samuel/ros2_ws/src/ROS2_project/install/lawn_mower_robot/bin'
[1.374s] INFO:colcon.colcon_core.shell:Creating package script '/home/samuel/ros2_ws/src/ROS2_project/install/lawn_mower_robot/share/lawn_mower_robot/package.ps1'
[1.374s] INFO:colcon.colcon_core.shell:Creating package descriptor '/home/samuel/ros2_ws/src/ROS2_project/install/lawn_mower_robot/share/lawn_mower_robot/package.dsv'
[1.375s] INFO:colcon.colcon_core.shell:Creating package script '/home/samuel/ros2_ws/src/ROS2_project/install/lawn_mower_robot/share/lawn_mower_robot/package.sh'
[1.375s] INFO:colcon.colcon_core.shell:Creating package script '/home/samuel/ros2_ws/src/ROS2_project/install/lawn_mower_robot/share/lawn_mower_robot/package.bash'
[1.375s] INFO:colcon.colcon_core.shell:Creating package script '/home/samuel/ros2_ws/src/ROS2_project/install/lawn_mower_robot/share/lawn_mower_robot/package.zsh'
[1.376s] Level 1:colcon.colcon_core.environment:create_file_with_runtime_dependencies(/home/samuel/ros2_ws/src/ROS2_project/install/lawn_mower_robot/share/colcon-core/packages/lawn_mower_robot)
[1.443s] Level 1:colcon.colcon_core.environment:checking '/home/samuel/ros2_ws/src/ROS2_project/install/serial_read' for CMake module files
[1.444s] DEBUG:colcon.colcon_core.event_handler.log_command:Invoked command in '/home/samuel/ros2_ws/src/ROS2_project/serial_read' returned '0': PYTHONPATH=/home/samuel/ros2_ws/src/ROS2_project/build/serial_read/prefix_override:/home/samuel/ros2_ws/src/ROS2_project/install/serial_read/lib/python3.10/site-packages:${PYTHONPATH} /usr/bin/python3 setup.py egg_info --egg-base ../build/serial_read build --build-base /home/samuel/ros2_ws/src/ROS2_project/build/serial_read/build install --record /home/samuel/ros2_ws/src/ROS2_project/build/serial_read/install.log --single-version-externally-managed
[1.445s] Level 1:colcon.colcon_core.environment:checking '/home/samuel/ros2_ws/src/ROS2_project/install/serial_read' for CMake config files
[1.445s] Level 1:colcon.colcon_core.environment:checking '/home/samuel/ros2_ws/src/ROS2_project/install/serial_read/lib'
[1.446s] Level 1:colcon.colcon_core.environment:checking '/home/samuel/ros2_ws/src/ROS2_project/install/serial_read/bin'
[1.446s] Level 1:colcon.colcon_core.environment:checking '/home/samuel/ros2_ws/src/ROS2_project/install/serial_read/lib/pkgconfig/serial_read.pc'
[1.446s] Level 1:colcon.colcon_core.environment:checking '/home/samuel/ros2_ws/src/ROS2_project/install/serial_read/lib/python3.10/site-packages'
[1.446s] Level 1:colcon.colcon_core.shell:create_environment_hook('serial_read', 'pythonpath')
[1.447s] INFO:colcon.colcon_core.shell:Creating environment hook '/home/samuel/ros2_ws/src/ROS2_project/install/serial_read/share/serial_read/hook/pythonpath.ps1'
[1.448s] INFO:colcon.colcon_core.shell:Creating environment descriptor '/home/samuel/ros2_ws/src/ROS2_project/install/serial_read/share/serial_read/hook/pythonpath.dsv'
[1.448s] INFO:colcon.colcon_core.shell:Creating environment hook '/home/samuel/ros2_ws/src/ROS2_project/install/serial_read/share/serial_read/hook/pythonpath.sh'
[1.448s] Level 1:colcon.colcon_core.environment:checking '/home/samuel/ros2_ws/src/ROS2_project/install/serial_read/bin'
[1.448s] Level 1:colcon.colcon_core.environment:create_environment_scripts_only(serial_read)
[1.450s] INFO:colcon.colcon_core.shell:Creating package script '/home/samuel/ros2_ws/src/ROS2_project/install/serial_read/share/serial_read/package.ps1'
[1.450s] INFO:colcon.colcon_core.shell:Creating package descriptor '/home/samuel/ros2_ws/src/ROS2_project/install/serial_read/share/serial_read/package.dsv'
[1.451s] INFO:colcon.colcon_core.shell:Creating package script '/home/samuel/ros2_ws/src/ROS2_project/install/serial_read/share/serial_read/package.sh'
[1.452s] INFO:colcon.colcon_core.shell:Creating package script '/home/samuel/ros2_ws/src/ROS2_project/install/serial_read/share/serial_read/package.bash'
[1.454s] INFO:colcon.colcon_core.shell:Creating package script '/home/samuel/ros2_ws/src/ROS2_project/install/serial_read/share/serial_read/package.zsh'
[1.455s] Level 1:colcon.colcon_core.environment:create_file_with_runtime_dependencies(/home/samuel/ros2_ws/src/ROS2_project/install/serial_read/share/colcon-core/packages/serial_read)
[1.456s] DEBUG:colcon.colcon_parallel_executor.executor.parallel:closing loop
[1.456s] DEBUG:colcon.colcon_parallel_executor.executor.parallel:loop closed
[1.457s] DEBUG:colcon.colcon_parallel_executor.executor.parallel:run_until_complete finished with '0'
[1.457s] DEBUG:colcon.colcon_core.event_reactor:joining thread
[1.462s] INFO:colcon.colcon_core.plugin_system:Skipping extension 'colcon_notification.desktop_notification.terminal_notifier': Not used on non-Darwin systems
[1.462s] INFO:colcon.colcon_core.plugin_system:Skipping extension 'colcon_notification.desktop_notification.win32': Not used on non-Windows systems
[1.462s] INFO:colcon.colcon_notification.desktop_notification:Sending desktop notification using 'notify2'
[1.477s] DEBUG:colcon.colcon_core.event_reactor:joined thread
[1.478s] INFO:colcon.colcon_core.shell:Creating prefix script '/home/samuel/ros2_ws/src/ROS2_project/install/local_setup.ps1'
[1.480s] INFO:colcon.colcon_core.shell:Creating prefix util module '/home/samuel/ros2_ws/src/ROS2_project/install/_local_setup_util_ps1.py'
[1.481s] INFO:colcon.colcon_core.shell:Creating prefix chain script '/home/samuel/ros2_ws/src/ROS2_project/install/setup.ps1'
[1.484s] INFO:colcon.colcon_core.shell:Creating prefix script '/home/samuel/ros2_ws/src/ROS2_project/install/local_setup.sh'
[1.485s] INFO:colcon.colcon_core.shell:Creating prefix util module '/home/samuel/ros2_ws/src/ROS2_project/install/_local_setup_util_sh.py'
[1.485s] INFO:colcon.colcon_core.shell:Creating prefix chain script '/home/samuel/ros2_ws/src/ROS2_project/install/setup.sh'
[1.487s] INFO:colcon.colcon_core.shell:Creating prefix script '/home/samuel/ros2_ws/src/ROS2_project/install/local_setup.bash'
[1.487s] INFO:colcon.colcon_core.shell:Creating prefix chain script '/home/samuel/ros2_ws/src/ROS2_project/install/setup.bash'
[1.489s] INFO:colcon.colcon_core.shell:Creating prefix script '/home/samuel/ros2_ws/src/ROS2_project/install/local_setup.zsh'
[1.490s] INFO:colcon.colcon_core.shell:Creating prefix chain script '/home/samuel/ros2_ws/src/ROS2_project/install/setup.zsh'
