[0.022s] Invoking command in '/home/samuel/ros2_ws/src/ROS2_project/build/lawn_mower_robot': CMAKE_PREFIX_PATH=${CMAKE_PREFIX_PATH}:/home/samuel/ros2_ws/install/serial_read:/opt/ros/humble /usr/bin/cmake /home/samuel/ros2_ws/src/ROS2_project/lawn_mower_robot -DCMAKE_INSTALL_PREFIX=/home/samuel/ros2_ws/src/ROS2_project/install/lawn_mower_robot
[0.109s] -- The C compiler identification is GNU 11.3.0
[0.172s] -- The CXX compiler identification is GNU 11.3.0
[0.181s] -- Detecting C compiler ABI info
[0.256s] -- Detecting C compiler ABI info - done
[0.268s] -- Check for working C compiler: /usr/bin/cc - skipped
[0.269s] -- Detecting C compile features
[0.270s] -- Detecting C compile features - done
[0.274s] -- Detecting CXX compiler ABI info
[0.357s] -- Detecting CXX compiler ABI info - done
[0.365s] -- Check for working CXX compiler: /usr/bin/c++ - skipped
[0.365s] -- Detecting CXX compile features
[0.366s] -- Detecting CXX compile features - done
[0.374s] -- Found ament_cmake: 1.3.3 (/opt/ros/humble/share/ament_cmake/cmake)
[0.571s] -- Found Python3: /usr/bin/python3.10 (found version "3.10.6") found components: Interpreter 
[0.698s] -- Found ament_lint_auto: 0.12.5 (/opt/ros/humble/share/ament_lint_auto/cmake)
[0.789s] -- Added test 'cppcheck' to perform static code analysis on C / C++ code
[0.789s] -- Configured cppcheck include dirs: 
[0.789s] -- Configured cppcheck exclude dirs and/or files: 
[0.790s] -- Added test 'flake8' to check Python code syntax and style conventions
[0.791s] -- Added test 'lint_cmake' to check CMake code style
[0.792s] -- Added test 'pep257' to check Python code against some of the docstring style conventions in PEP 257
[0.793s] -- Added test 'uncrustify' to check C / C++ code style
[0.793s] -- Configured uncrustify additional arguments: 
[0.794s] -- Added test 'xmllint' to check XML markup files
[0.796s] -- Configuring done
[0.800s] -- Generating done
[0.801s] -- Build files have been written to: /home/samuel/ros2_ws/src/ROS2_project/build/lawn_mower_robot
[0.806s] Invoked command in '/home/samuel/ros2_ws/src/ROS2_project/build/lawn_mower_robot' returned '0': CMAKE_PREFIX_PATH=${CMAKE_PREFIX_PATH}:/home/samuel/ros2_ws/install/serial_read:/opt/ros/humble /usr/bin/cmake /home/samuel/ros2_ws/src/ROS2_project/lawn_mower_robot -DCMAKE_INSTALL_PREFIX=/home/samuel/ros2_ws/src/ROS2_project/install/lawn_mower_robot
[0.807s] Invoking command in '/home/samuel/ros2_ws/src/ROS2_project/build/lawn_mower_robot': CMAKE_PREFIX_PATH=${CMAKE_PREFIX_PATH}:/home/samuel/ros2_ws/install/serial_read:/opt/ros/humble /usr/bin/cmake --build /home/samuel/ros2_ws/src/ROS2_project/build/lawn_mower_robot -- -j8 -l8
[0.847s] Invoked command in '/home/samuel/ros2_ws/src/ROS2_project/build/lawn_mower_robot' returned '0': CMAKE_PREFIX_PATH=${CMAKE_PREFIX_PATH}:/home/samuel/ros2_ws/install/serial_read:/opt/ros/humble /usr/bin/cmake --build /home/samuel/ros2_ws/src/ROS2_project/build/lawn_mower_robot -- -j8 -l8
[0.882s] Invoking command in '/home/samuel/ros2_ws/src/ROS2_project/build/lawn_mower_robot': CMAKE_PREFIX_PATH=${CMAKE_PREFIX_PATH}:/home/samuel/ros2_ws/install/serial_read:/opt/ros/humble /usr/bin/cmake --install /home/samuel/ros2_ws/src/ROS2_project/build/lawn_mower_robot
[0.890s] -- Install configuration: ""
[0.890s] -- Installing: /home/samuel/ros2_ws/src/ROS2_project/install/lawn_mower_robot/share/lawn_mower_robot//launch
[0.891s] -- Installing: /home/samuel/ros2_ws/src/ROS2_project/install/lawn_mower_robot/share/lawn_mower_robot//launch/backpack_2d.launch.py
[0.891s] -- Installing: /home/samuel/ros2_ws/src/ROS2_project/install/lawn_mower_robot/share/lawn_mower_robot//launch/rplidar_launch.py
[0.891s] -- Installing: /home/samuel/ros2_ws/src/ROS2_project/install/lawn_mower_robot/share/lawn_mower_robot//launch/__pycache__
[0.891s] -- Installing: /home/samuel/ros2_ws/src/ROS2_project/install/lawn_mower_robot/share/lawn_mower_robot//launch/__pycache__/backpack_2d.launch.cpython-310.pyc
[0.892s] -- Installing: /home/samuel/ros2_ws/src/ROS2_project/install/lawn_mower_robot/share/lawn_mower_robot//launch/__pycache__/rplidar_launch.cpython-310.pyc
[0.892s] -- Installing: /home/samuel/ros2_ws/src/ROS2_project/install/lawn_mower_robot/share/lawn_mower_robot//config
[0.892s] -- Installing: /home/samuel/ros2_ws/src/ROS2_project/install/lawn_mower_robot/share/lawn_mower_robot//config/cartographer_config.lua
[0.892s] -- Installing: /home/samuel/ros2_ws/src/ROS2_project/install/lawn_mower_robot/share/lawn_mower_robot//urdf
[0.892s] -- Installing: /home/samuel/ros2_ws/src/ROS2_project/install/lawn_mower_robot/share/lawn_mower_robot//urdf/lawn_mower.urdf
[0.892s] -- Installing: /home/samuel/ros2_ws/src/ROS2_project/install/lawn_mower_robot/share/ament_index/resource_index/package_run_dependencies/lawn_mower_robot
[0.893s] -- Installing: /home/samuel/ros2_ws/src/ROS2_project/install/lawn_mower_robot/share/ament_index/resource_index/parent_prefix_path/lawn_mower_robot
[0.893s] -- Installing: /home/samuel/ros2_ws/src/ROS2_project/install/lawn_mower_robot/share/lawn_mower_robot/environment/ament_prefix_path.sh
[0.893s] -- Installing: /home/samuel/ros2_ws/src/ROS2_project/install/lawn_mower_robot/share/lawn_mower_robot/environment/ament_prefix_path.dsv
[0.893s] -- Installing: /home/samuel/ros2_ws/src/ROS2_project/install/lawn_mower_robot/share/lawn_mower_robot/environment/path.sh
[0.894s] -- Installing: /home/samuel/ros2_ws/src/ROS2_project/install/lawn_mower_robot/share/lawn_mower_robot/environment/path.dsv
[0.894s] -- Installing: /home/samuel/ros2_ws/src/ROS2_project/install/lawn_mower_robot/share/lawn_mower_robot/local_setup.bash
[0.894s] -- Installing: /home/samuel/ros2_ws/src/ROS2_project/install/lawn_mower_robot/share/lawn_mower_robot/local_setup.sh
[0.894s] -- Installing: /home/samuel/ros2_ws/src/ROS2_project/install/lawn_mower_robot/share/lawn_mower_robot/local_setup.zsh
[0.895s] -- Installing: /home/samuel/ros2_ws/src/ROS2_project/install/lawn_mower_robot/share/lawn_mower_robot/local_setup.dsv
[0.895s] -- Installing: /home/samuel/ros2_ws/src/ROS2_project/install/lawn_mower_robot/share/lawn_mower_robot/package.dsv
[0.895s] -- Installing: /home/samuel/ros2_ws/src/ROS2_project/install/lawn_mower_robot/share/ament_index/resource_index/packages/lawn_mower_robot
[0.895s] -- Installing: /home/samuel/ros2_ws/src/ROS2_project/install/lawn_mower_robot/share/lawn_mower_robot/cmake/lawn_mower_robotConfig.cmake
[0.896s] -- Installing: /home/samuel/ros2_ws/src/ROS2_project/install/lawn_mower_robot/share/lawn_mower_robot/cmake/lawn_mower_robotConfig-version.cmake
[0.896s] -- Installing: /home/samuel/ros2_ws/src/ROS2_project/install/lawn_mower_robot/share/lawn_mower_robot/package.xml
[0.900s] Invoked command in '/home/samuel/ros2_ws/src/ROS2_project/build/lawn_mower_robot' returned '0': CMAKE_PREFIX_PATH=${CMAKE_PREFIX_PATH}:/home/samuel/ros2_ws/install/serial_read:/opt/ros/humble /usr/bin/cmake --install /home/samuel/ros2_ws/src/ROS2_project/build/lawn_mower_robot
